2014/03/06 01:16:18 [error] [exception.CDbException] exception 'CDbException' with message 'CDbConnection failed to open the DB connection: could not find driver' in /home/ann/yii/framework/db/CDbConnection.php:382
Stack trace:
#0 /home/ann/yii/framework/db/CDbConnection.php(330): CDbConnection->open()
#1 /home/ann/yii/framework/db/CDbConnection.php(308): CDbConnection->setActive(true)
#2 /home/ann/yii/framework/base/CModule.php(387): CDbConnection->init()
#3 /home/ann/yii/framework/base/CModule.php(103): CModule->getComponent('db')
#4 /home/ann/yii/framework/gii/generators/model/ModelCode.php(60): CModule->__get('db')
#5 /home/ann/yii/framework/web/CFormModel.php(39): ModelCode->init()
#6 /home/ann/yii/framework/gii/CCodeGenerator.php(153): CFormModel->__construct()
#7 /home/ann/yii/framework/gii/CCodeGenerator.php(63): CCodeGenerator->prepare()
#8 /home/ann/yii/framework/web/actions/CInlineAction.php(49): CCodeGenerator->actionIndex()
#9 /home/ann/yii/framework/web/CController.php(308): CInlineAction->runWithParams(Array)
#10 /home/ann/yii/framework/web/CController.php(286): CController->runAction(Object(CInlineAction))
#11 /home/ann/yii/framework/web/CController.php(265): CController->runActionWithFilters(Object(CInlineAction), Array)
#12 /home/ann/yii/framework/web/CWebApplication.php(282): CController->run('index')
#13 /home/ann/yii/framework/web/CWebApplication.php(141): CWebApplication->runController('gii/model/index')
#14 /home/ann/yii/framework/base/CApplication.php(180): CWebApplication->processRequest()
#15 /var/www/lab2/index.php(13): CApplication->run()
#16 {main}
REQUEST_URI=/lab2/index.php?r=gii/model/index
HTTP_REFERER=http://localhost/lab2/index.php?r=gii/default/index
---
2014/03/06 01:16:39 [error] [exception.CDbException] exception 'CDbException' with message 'CDbConnection failed to open the DB connection: could not find driver' in /home/ann/yii/framework/db/CDbConnection.php:382
Stack trace:
#0 /home/ann/yii/framework/db/CDbConnection.php(330): CDbConnection->open()
#1 /home/ann/yii/framework/db/CDbConnection.php(308): CDbConnection->setActive(true)
#2 /home/ann/yii/framework/base/CModule.php(387): CDbConnection->init()
#3 /home/ann/yii/framework/base/CModule.php(103): CModule->getComponent('db')
#4 /home/ann/yii/framework/gii/generators/crud/CrudCode.php(44): CModule->__get('db')
#5 /home/ann/yii/framework/web/CFormModel.php(39): CrudCode->init()
#6 /home/ann/yii/framework/gii/CCodeGenerator.php(153): CFormModel->__construct()
#7 /home/ann/yii/framework/gii/CCodeGenerator.php(63): CCodeGenerator->prepare()
#8 /home/ann/yii/framework/web/actions/CInlineAction.php(49): CCodeGenerator->actionIndex()
#9 /home/ann/yii/framework/web/CController.php(308): CInlineAction->runWithParams(Array)
#10 /home/ann/yii/framework/web/CController.php(286): CController->runAction(Object(CInlineAction))
#11 /home/ann/yii/framework/web/CController.php(265): CController->runActionWithFilters(Object(CInlineAction), Array)
#12 /home/ann/yii/framework/web/CWebApplication.php(282): CController->run('index')
#13 /home/ann/yii/framework/web/CWebApplication.php(141): CWebApplication->runController('gii/crud/index')
#14 /home/ann/yii/framework/base/CApplication.php(180): CWebApplication->processRequest()
#15 /var/www/lab2/index.php(13): CApplication->run()
#16 {main}
REQUEST_URI=/lab2/index.php?r=gii/crud/index
HTTP_REFERER=http://localhost/lab2/index.php?r=gii/default/index
---
2014/03/06 01:17:06 [error] [exception.CDbException] exception 'CDbException' with message 'CDbConnection failed to open the DB connection: could not find driver' in /home/ann/yii/framework/db/CDbConnection.php:382
Stack trace:
#0 /home/ann/yii/framework/db/CDbConnection.php(330): CDbConnection->open()
#1 /home/ann/yii/framework/db/CDbConnection.php(308): CDbConnection->setActive(true)
#2 /home/ann/yii/framework/base/CModule.php(387): CDbConnection->init()
#3 /home/ann/yii/framework/base/CModule.php(103): CModule->getComponent('db')
#4 /home/ann/yii/framework/gii/generators/model/ModelCode.php(60): CModule->__get('db')
#5 /home/ann/yii/framework/web/CFormModel.php(39): ModelCode->init()
#6 /home/ann/yii/framework/gii/CCodeGenerator.php(153): CFormModel->__construct()
#7 /home/ann/yii/framework/gii/CCodeGenerator.php(63): CCodeGenerator->prepare()
#8 /home/ann/yii/framework/web/actions/CInlineAction.php(49): CCodeGenerator->actionIndex()
#9 /home/ann/yii/framework/web/CController.php(308): CInlineAction->runWithParams(Array)
#10 /home/ann/yii/framework/web/CController.php(286): CController->runAction(Object(CInlineAction))
#11 /home/ann/yii/framework/web/CController.php(265): CController->runActionWithFilters(Object(CInlineAction), Array)
#12 /home/ann/yii/framework/web/CWebApplication.php(282): CController->run('index')
#13 /home/ann/yii/framework/web/CWebApplication.php(141): CWebApplication->runController('gii/model/index')
#14 /home/ann/yii/framework/base/CApplication.php(180): CWebApplication->processRequest()
#15 /var/www/lab2/index.php(13): CApplication->run()
#16 {main}
REQUEST_URI=/lab2/index.php?r=gii/model/index
HTTP_REFERER=http://localhost/lab2/index.php?r=gii/default/index
---
2014/03/06 01:17:34 [error] [exception.CDbException] exception 'CDbException' with message 'CDbConnection failed to open the DB connection: could not find driver' in /home/ann/yii/framework/db/CDbConnection.php:382
Stack trace:
#0 /home/ann/yii/framework/db/CDbConnection.php(330): CDbConnection->open()
#1 /home/ann/yii/framework/db/CDbConnection.php(308): CDbConnection->setActive(true)
#2 /home/ann/yii/framework/base/CModule.php(387): CDbConnection->init()
#3 /home/ann/yii/framework/base/CModule.php(103): CModule->getComponent('db')
#4 /home/ann/yii/framework/gii/generators/model/ModelCode.php(60): CModule->__get('db')
#5 /home/ann/yii/framework/web/CFormModel.php(39): ModelCode->init()
#6 /home/ann/yii/framework/gii/CCodeGenerator.php(153): CFormModel->__construct()
#7 /home/ann/yii/framework/gii/CCodeGenerator.php(63): CCodeGenerator->prepare()
#8 /home/ann/yii/framework/web/actions/CInlineAction.php(49): CCodeGenerator->actionIndex()
#9 /home/ann/yii/framework/web/CController.php(308): CInlineAction->runWithParams(Array)
#10 /home/ann/yii/framework/web/CController.php(286): CController->runAction(Object(CInlineAction))
#11 /home/ann/yii/framework/web/CController.php(265): CController->runActionWithFilters(Object(CInlineAction), Array)
#12 /home/ann/yii/framework/web/CWebApplication.php(282): CController->run('index')
#13 /home/ann/yii/framework/web/CWebApplication.php(141): CWebApplication->runController('gii/model/index')
#14 /home/ann/yii/framework/base/CApplication.php(180): CWebApplication->processRequest()
#15 /var/www/lab2/index.php(13): CApplication->run()
#16 {main}
REQUEST_URI=/lab2/index.php?r=gii/model/index
HTTP_REFERER=http://localhost/lab2/index.php?r=gii/default/index
---
2014/03/06 01:22:21 [error] [exception.CDbException] exception 'CDbException' with message 'CDbConnection failed to open the DB connection: could not find driver' in /home/ann/yii/framework/db/CDbConnection.php:382
Stack trace:
#0 /home/ann/yii/framework/db/CDbConnection.php(330): CDbConnection->open()
#1 /home/ann/yii/framework/db/CDbConnection.php(308): CDbConnection->setActive(true)
#2 /home/ann/yii/framework/base/CModule.php(387): CDbConnection->init()
#3 /home/ann/yii/framework/base/CModule.php(103): CModule->getComponent('db')
#4 /home/ann/yii/framework/gii/generators/model/ModelCode.php(60): CModule->__get('db')
#5 /home/ann/yii/framework/web/CFormModel.php(39): ModelCode->init()
#6 /home/ann/yii/framework/gii/CCodeGenerator.php(153): CFormModel->__construct()
#7 /home/ann/yii/framework/gii/CCodeGenerator.php(63): CCodeGenerator->prepare()
#8 /home/ann/yii/framework/web/actions/CInlineAction.php(49): CCodeGenerator->actionIndex()
#9 /home/ann/yii/framework/web/CController.php(308): CInlineAction->runWithParams(Array)
#10 /home/ann/yii/framework/web/CController.php(286): CController->runAction(Object(CInlineAction))
#11 /home/ann/yii/framework/web/CController.php(265): CController->runActionWithFilters(Object(CInlineAction), Array)
#12 /home/ann/yii/framework/web/CWebApplication.php(282): CController->run('index')
#13 /home/ann/yii/framework/web/CWebApplication.php(141): CWebApplication->runController('gii/model/index')
#14 /home/ann/yii/framework/base/CApplication.php(180): CWebApplication->processRequest()
#15 /var/www/lab2/index.php(13): CApplication->run()
#16 {main}
REQUEST_URI=/lab2/index.php?r=gii/model/index
HTTP_REFERER=http://localhost/lab2/index.php?r=gii/default/index
---
2014/03/06 01:31:21 [error] [exception.CDbException] exception 'CDbException' with message 'CDbConnection failed to open the DB connection: could not find driver' in /home/ann/yii/framework/db/CDbConnection.php:382
Stack trace:
#0 /home/ann/yii/framework/db/CDbConnection.php(330): CDbConnection->open()
#1 /home/ann/yii/framework/db/CDbConnection.php(308): CDbConnection->setActive(true)
#2 /home/ann/yii/framework/base/CModule.php(387): CDbConnection->init()
#3 /home/ann/yii/framework/base/CModule.php(103): CModule->getComponent('db')
#4 /home/ann/yii/framework/gii/generators/model/ModelCode.php(60): CModule->__get('db')
#5 /home/ann/yii/framework/web/CFormModel.php(39): ModelCode->init()
#6 /home/ann/yii/framework/gii/CCodeGenerator.php(153): CFormModel->__construct()
#7 /home/ann/yii/framework/gii/CCodeGenerator.php(63): CCodeGenerator->prepare()
#8 /home/ann/yii/framework/web/actions/CInlineAction.php(49): CCodeGenerator->actionIndex()
#9 /home/ann/yii/framework/web/CController.php(308): CInlineAction->runWithParams(Array)
#10 /home/ann/yii/framework/web/CController.php(286): CController->runAction(Object(CInlineAction))
#11 /home/ann/yii/framework/web/CController.php(265): CController->runActionWithFilters(Object(CInlineAction), Array)
#12 /home/ann/yii/framework/web/CWebApplication.php(282): CController->run('index')
#13 /home/ann/yii/framework/web/CWebApplication.php(141): CWebApplication->runController('gii/model/index')
#14 /home/ann/yii/framework/base/CApplication.php(180): CWebApplication->processRequest()
#15 /var/www/lab2/index.php(13): CApplication->run()
#16 {main}
REQUEST_URI=/lab2/index.php?r=gii/model/index
HTTP_REFERER=http://localhost/lab2/index.php?r=gii/default/index
---
2014/03/06 01:34:06 [error] [exception.CDbException] exception 'CDbException' with message 'CDbConnection failed to open the DB connection: could not find driver' in /home/ann/yii/framework/db/CDbConnection.php:382
Stack trace:
#0 /home/ann/yii/framework/db/CDbConnection.php(330): CDbConnection->open()
#1 /home/ann/yii/framework/db/CDbConnection.php(308): CDbConnection->setActive(true)
#2 /home/ann/yii/framework/base/CModule.php(387): CDbConnection->init()
#3 /home/ann/yii/framework/base/CModule.php(103): CModule->getComponent('db')
#4 /home/ann/yii/framework/gii/generators/model/ModelCode.php(60): CModule->__get('db')
#5 /home/ann/yii/framework/web/CFormModel.php(39): ModelCode->init()
#6 /home/ann/yii/framework/gii/CCodeGenerator.php(153): CFormModel->__construct()
#7 /home/ann/yii/framework/gii/CCodeGenerator.php(63): CCodeGenerator->prepare()
#8 /home/ann/yii/framework/web/actions/CInlineAction.php(49): CCodeGenerator->actionIndex()
#9 /home/ann/yii/framework/web/CController.php(308): CInlineAction->runWithParams(Array)
#10 /home/ann/yii/framework/web/CController.php(286): CController->runAction(Object(CInlineAction))
#11 /home/ann/yii/framework/web/CController.php(265): CController->runActionWithFilters(Object(CInlineAction), Array)
#12 /home/ann/yii/framework/web/CWebApplication.php(282): CController->run('index')
#13 /home/ann/yii/framework/web/CWebApplication.php(141): CWebApplication->runController('gii/model/index')
#14 /home/ann/yii/framework/base/CApplication.php(180): CWebApplication->processRequest()
#15 /var/www/lab2/index.php(13): CApplication->run()
#16 {main}
REQUEST_URI=/lab2/index.php?r=gii/model/index
HTTP_REFERER=http://localhost/lab2/index.php?r=gii/default/index
---
2014/03/06 01:34:16 [error] [exception.CDbException] exception 'CDbException' with message 'CDbConnection failed to open the DB connection: could not find driver' in /home/ann/yii/framework/db/CDbConnection.php:382
Stack trace:
#0 /home/ann/yii/framework/db/CDbConnection.php(330): CDbConnection->open()
#1 /home/ann/yii/framework/db/CDbConnection.php(308): CDbConnection->setActive(true)
#2 /home/ann/yii/framework/base/CModule.php(387): CDbConnection->init()
#3 /home/ann/yii/framework/base/CModule.php(103): CModule->getComponent('db')
#4 /home/ann/yii/framework/gii/generators/crud/CrudCode.php(44): CModule->__get('db')
#5 /home/ann/yii/framework/web/CFormModel.php(39): CrudCode->init()
#6 /home/ann/yii/framework/gii/CCodeGenerator.php(153): CFormModel->__construct()
#7 /home/ann/yii/framework/gii/CCodeGenerator.php(63): CCodeGenerator->prepare()
#8 /home/ann/yii/framework/web/actions/CInlineAction.php(49): CCodeGenerator->actionIndex()
#9 /home/ann/yii/framework/web/CController.php(308): CInlineAction->runWithParams(Array)
#10 /home/ann/yii/framework/web/CController.php(286): CController->runAction(Object(CInlineAction))
#11 /home/ann/yii/framework/web/CController.php(265): CController->runActionWithFilters(Object(CInlineAction), Array)
#12 /home/ann/yii/framework/web/CWebApplication.php(282): CController->run('index')
#13 /home/ann/yii/framework/web/CWebApplication.php(141): CWebApplication->runController('gii/crud/index')
#14 /home/ann/yii/framework/base/CApplication.php(180): CWebApplication->processRequest()
#15 /var/www/lab2/index.php(13): CApplication->run()
#16 {main}
REQUEST_URI=/lab2/index.php?r=gii/crud/index
HTTP_REFERER=http://localhost/lab2/index.php?r=gii/controller/index
---
2014/03/06 01:34:28 [error] [exception.CDbException] exception 'CDbException' with message 'CDbConnection failed to open the DB connection: could not find driver' in /home/ann/yii/framework/db/CDbConnection.php:382
Stack trace:
#0 /home/ann/yii/framework/db/CDbConnection.php(330): CDbConnection->open()
#1 /home/ann/yii/framework/db/CDbConnection.php(308): CDbConnection->setActive(true)
#2 /home/ann/yii/framework/base/CModule.php(387): CDbConnection->init()
#3 /home/ann/yii/framework/base/CModule.php(103): CModule->getComponent('db')
#4 /home/ann/yii/framework/gii/generators/model/ModelCode.php(60): CModule->__get('db')
#5 /home/ann/yii/framework/web/CFormModel.php(39): ModelCode->init()
#6 /home/ann/yii/framework/gii/CCodeGenerator.php(153): CFormModel->__construct()
#7 /home/ann/yii/framework/gii/CCodeGenerator.php(63): CCodeGenerator->prepare()
#8 /home/ann/yii/framework/web/actions/CInlineAction.php(49): CCodeGenerator->actionIndex()
#9 /home/ann/yii/framework/web/CController.php(308): CInlineAction->runWithParams(Array)
#10 /home/ann/yii/framework/web/CController.php(286): CController->runAction(Object(CInlineAction))
#11 /home/ann/yii/framework/web/CController.php(265): CController->runActionWithFilters(Object(CInlineAction), Array)
#12 /home/ann/yii/framework/web/CWebApplication.php(282): CController->run('index')
#13 /home/ann/yii/framework/web/CWebApplication.php(141): CWebApplication->runController('gii/model/index')
#14 /home/ann/yii/framework/base/CApplication.php(180): CWebApplication->processRequest()
#15 /var/www/lab2/index.php(13): CApplication->run()
#16 {main}
REQUEST_URI=/lab2/index.php?r=gii/model/index
HTTP_REFERER=http://localhost/lab2/index.php?r=gii/controller/index
---
2014/03/06 01:35:29 [error] [exception.CDbException] exception 'CDbException' with message 'CDbConnection failed to open the DB connection: could not find driver' in /home/ann/yii/framework/db/CDbConnection.php:382
Stack trace:
#0 /home/ann/yii/framework/db/CDbConnection.php(330): CDbConnection->open()
#1 /home/ann/yii/framework/db/CDbConnection.php(308): CDbConnection->setActive(true)
#2 /home/ann/yii/framework/base/CModule.php(387): CDbConnection->init()
#3 /home/ann/yii/framework/base/CModule.php(103): CModule->getComponent('db')
#4 /home/ann/yii/framework/gii/generators/model/ModelCode.php(60): CModule->__get('db')
#5 /home/ann/yii/framework/web/CFormModel.php(39): ModelCode->init()
#6 /home/ann/yii/framework/gii/CCodeGenerator.php(153): CFormModel->__construct()
#7 /home/ann/yii/framework/gii/CCodeGenerator.php(63): CCodeGenerator->prepare()
#8 /home/ann/yii/framework/web/actions/CInlineAction.php(49): CCodeGenerator->actionIndex()
#9 /home/ann/yii/framework/web/CController.php(308): CInlineAction->runWithParams(Array)
#10 /home/ann/yii/framework/web/CController.php(286): CController->runAction(Object(CInlineAction))
#11 /home/ann/yii/framework/web/CController.php(265): CController->runActionWithFilters(Object(CInlineAction), Array)
#12 /home/ann/yii/framework/web/CWebApplication.php(282): CController->run('index')
#13 /home/ann/yii/framework/web/CWebApplication.php(141): CWebApplication->runController('gii/model/index')
#14 /home/ann/yii/framework/base/CApplication.php(180): CWebApplication->processRequest()
#15 /var/www/lab2/index.php(13): CApplication->run()
#16 {main}
REQUEST_URI=/lab2/index.php?r=gii/model/index
HTTP_REFERER=http://localhost/lab2/index.php?r=gii/controller/index
---
2014/03/06 01:38:19 [error] [exception.CDbException] exception 'CDbException' with message 'CDbConnection failed to open the DB connection: could not find driver' in /home/ann/yii/framework/db/CDbConnection.php:382
Stack trace:
#0 /home/ann/yii/framework/db/CDbConnection.php(330): CDbConnection->open()
#1 /home/ann/yii/framework/db/CDbConnection.php(308): CDbConnection->setActive(true)
#2 /home/ann/yii/framework/base/CModule.php(387): CDbConnection->init()
#3 /home/ann/yii/framework/base/CModule.php(103): CModule->getComponent('db')
#4 /home/ann/yii/framework/gii/generators/crud/CrudCode.php(44): CModule->__get('db')
#5 /home/ann/yii/framework/web/CFormModel.php(39): CrudCode->init()
#6 /home/ann/yii/framework/gii/CCodeGenerator.php(153): CFormModel->__construct()
#7 /home/ann/yii/framework/gii/CCodeGenerator.php(63): CCodeGenerator->prepare()
#8 /home/ann/yii/framework/web/actions/CInlineAction.php(49): CCodeGenerator->actionIndex()
#9 /home/ann/yii/framework/web/CController.php(308): CInlineAction->runWithParams(Array)
#10 /home/ann/yii/framework/web/CController.php(286): CController->runAction(Object(CInlineAction))
#11 /home/ann/yii/framework/web/CController.php(265): CController->runActionWithFilters(Object(CInlineAction), Array)
#12 /home/ann/yii/framework/web/CWebApplication.php(282): CController->run('index')
#13 /home/ann/yii/framework/web/CWebApplication.php(141): CWebApplication->runController('gii/crud/index')
#14 /home/ann/yii/framework/base/CApplication.php(180): CWebApplication->processRequest()
#15 /var/www/lab2/index.php(13): CApplication->run()
#16 {main}
REQUEST_URI=/lab2/index.php?r=gii/crud/index
HTTP_REFERER=http://localhost/lab2/index.php?r=gii/controller/index
---
2014/03/06 01:39:45 [error] [exception.CDbException] exception 'CDbException' with message 'CDbConnection failed to open the DB connection: could not find driver' in /home/ann/yii/framework/db/CDbConnection.php:382
Stack trace:
#0 /home/ann/yii/framework/db/CDbConnection.php(330): CDbConnection->open()
#1 /home/ann/yii/framework/db/CDbConnection.php(308): CDbConnection->setActive(true)
#2 /home/ann/yii/framework/base/CModule.php(387): CDbConnection->init()
#3 /home/ann/yii/framework/base/CModule.php(103): CModule->getComponent('db')
#4 /home/ann/yii/framework/gii/generators/crud/CrudCode.php(44): CModule->__get('db')
#5 /home/ann/yii/framework/web/CFormModel.php(39): CrudCode->init()
#6 /home/ann/yii/framework/gii/CCodeGenerator.php(153): CFormModel->__construct()
#7 /home/ann/yii/framework/gii/CCodeGenerator.php(63): CCodeGenerator->prepare()
#8 /home/ann/yii/framework/web/actions/CInlineAction.php(49): CCodeGenerator->actionIndex()
#9 /home/ann/yii/framework/web/CController.php(308): CInlineAction->runWithParams(Array)
#10 /home/ann/yii/framework/web/CController.php(286): CController->runAction(Object(CInlineAction))
#11 /home/ann/yii/framework/web/CController.php(265): CController->runActionWithFilters(Object(CInlineAction), Array)
#12 /home/ann/yii/framework/web/CWebApplication.php(282): CController->run('index')
#13 /home/ann/yii/framework/web/CWebApplication.php(141): CWebApplication->runController('gii/crud/index')
#14 /home/ann/yii/framework/base/CApplication.php(180): CWebApplication->processRequest()
#15 /var/www/lab2/index.php(13): CApplication->run()
#16 {main}
REQUEST_URI=/lab2/index.php?r=gii/crud/index
HTTP_REFERER=http://localhost/lab2/index.php?r=gii/controller/index
---
2014/03/06 01:42:35 [error] [exception.CDbException] exception 'CDbException' with message 'CDbConnection failed to open the DB connection: could not find driver' in /home/ann/yii/framework/db/CDbConnection.php:382
Stack trace:
#0 /home/ann/yii/framework/db/CDbConnection.php(330): CDbConnection->open()
#1 /home/ann/yii/framework/db/CDbConnection.php(308): CDbConnection->setActive(true)
#2 /home/ann/yii/framework/base/CModule.php(387): CDbConnection->init()
#3 /home/ann/yii/framework/base/CModule.php(103): CModule->getComponent('db')
#4 /home/ann/yii/framework/gii/generators/model/ModelCode.php(60): CModule->__get('db')
#5 /home/ann/yii/framework/web/CFormModel.php(39): ModelCode->init()
#6 /home/ann/yii/framework/gii/CCodeGenerator.php(153): CFormModel->__construct()
#7 /home/ann/yii/framework/gii/CCodeGenerator.php(63): CCodeGenerator->prepare()
#8 /home/ann/yii/framework/web/actions/CInlineAction.php(49): CCodeGenerator->actionIndex()
#9 /home/ann/yii/framework/web/CController.php(308): CInlineAction->runWithParams(Array)
#10 /home/ann/yii/framework/web/CController.php(286): CController->runAction(Object(CInlineAction))
#11 /home/ann/yii/framework/web/CController.php(265): CController->runActionWithFilters(Object(CInlineAction), Array)
#12 /home/ann/yii/framework/web/CWebApplication.php(282): CController->run('index')
#13 /home/ann/yii/framework/web/CWebApplication.php(141): CWebApplication->runController('gii/model/index')
#14 /home/ann/yii/framework/base/CApplication.php(180): CWebApplication->processRequest()
#15 /var/www/lab2/index.php(13): CApplication->run()
#16 {main}
REQUEST_URI=/lab2/index.php?r=gii/model/index
HTTP_REFERER=http://localhost/lab2/index.php?r=gii/controller/index
---
2014/03/07 00:24:42 [error] [exception.CHttpException.404] exception 'CHttpException' with message 'Unable to find the code you requested.' in /home/ann/yii/framework/gii/CCodeGenerator.php:90
Stack trace:
#0 /home/ann/yii/framework/web/actions/CInlineAction.php(49): CCodeGenerator->actionCode()
#1 /home/ann/yii/framework/web/CController.php(308): CInlineAction->runWithParams(Array)
#2 /home/ann/yii/framework/web/CController.php(286): CController->runAction(Object(CInlineAction))
#3 /home/ann/yii/framework/web/CController.php(265): CController->runActionWithFilters(Object(CInlineAction), Array)
#4 /home/ann/yii/framework/web/CWebApplication.php(282): CController->run('code')
#5 /home/ann/yii/framework/web/CWebApplication.php(141): CWebApplication->runController('gii/model/code')
#6 /home/ann/yii/framework/base/CApplication.php(180): CWebApplication->processRequest()
#7 /var/www/lab2/index.php(13): CApplication->run()
#8 {main}
REQUEST_URI=/lab2/index.php?r=gii/model/code&id=0
HTTP_REFERER=http://localhost/lab2/index.php?r=gii/model/index
---
2014/03/07 19:37:35 [error] [exception.CHttpException.404] exception 'CHttpException' with message 'Unable to resolve the request "productcategory".' in /home/ann/yii/framework/web/CWebApplication.php:286
Stack trace:
#0 /home/ann/yii/framework/web/CWebApplication.php(141): CWebApplication->runController('productcategory')
#1 /home/ann/yii/framework/base/CApplication.php(180): CWebApplication->processRequest()
#2 /var/www/lab2/index.php(13): CApplication->run()
#3 {main}
REQUEST_URI=/lab2/index.php?r=productcategory
---
2014/03/07 20:04:01 [error] [exception.CHttpException.400] exception 'CHttpException' with message 'Your request is invalid.' in /home/ann/yii/framework/web/CController.php:336
Stack trace:
#0 /home/ann/yii/framework/web/CController.php(309): CController->invalidActionParams(Object(CInlineAction))
#1 /home/ann/yii/framework/web/filters/CFilterChain.php(133): CController->runAction(Object(CInlineAction))
#2 /home/ann/yii/framework/web/filters/CFilter.php(40): CFilterChain->run()
#3 /home/ann/yii/framework/web/CController.php(1145): CFilter->filter(Object(CFilterChain))
#4 /home/ann/yii/framework/web/filters/CInlineFilter.php(58): CController->filterAccessControl(Object(CFilterChain))
#5 /home/ann/yii/framework/web/filters/CFilterChain.php(130): CInlineFilter->filter(Object(CFilterChain))
#6 /home/ann/yii/framework/web/CController.php(291): CFilterChain->run()
#7 /home/ann/yii/framework/web/CController.php(265): CController->runActionWithFilters(Object(CInlineAction), Array)
#8 /home/ann/yii/framework/web/CWebApplication.php(282): CController->run('view')
#9 /home/ann/yii/framework/web/CWebApplication.php(141): CWebApplication->runController('product/view')
#10 /home/ann/yii/framework/base/CApplication.php(180): CWebApplication->processRequest()
#11 /var/www/lab2/index.php(13): CApplication->run()
#12 {main}
REQUEST_URI=/lab2/index.php?r=product/view
HTTP_REFERER=http://localhost/lab2/index.php?r=site/page&view=about
---
2014/03/07 20:06:30 [error] [exception.CHttpException.400] exception 'CHttpException' with message 'Your request is invalid.' in /home/ann/yii/framework/web/CController.php:336
Stack trace:
#0 /home/ann/yii/framework/web/CController.php(309): CController->invalidActionParams(Object(CInlineAction))
#1 /home/ann/yii/framework/web/filters/CFilterChain.php(133): CController->runAction(Object(CInlineAction))
#2 /home/ann/yii/framework/web/filters/CFilter.php(40): CFilterChain->run()
#3 /home/ann/yii/framework/web/CController.php(1145): CFilter->filter(Object(CFilterChain))
#4 /home/ann/yii/framework/web/filters/CInlineFilter.php(58): CController->filterAccessControl(Object(CFilterChain))
#5 /home/ann/yii/framework/web/filters/CFilterChain.php(130): CInlineFilter->filter(Object(CFilterChain))
#6 /home/ann/yii/framework/web/CController.php(291): CFilterChain->run()
#7 /home/ann/yii/framework/web/CController.php(265): CController->runActionWithFilters(Object(CInlineAction), Array)
#8 /home/ann/yii/framework/web/CWebApplication.php(282): CController->run('view')
#9 /home/ann/yii/framework/web/CWebApplication.php(141): CWebApplication->runController('product/view')
#10 /home/ann/yii/framework/base/CApplication.php(180): CWebApplication->processRequest()
#11 /var/www/lab2/index.php(13): CApplication->run()
#12 {main}
REQUEST_URI=/lab2/index.php?r=product/view
HTTP_REFERER=http://localhost/lab2/index.php?r=product
---
2014/03/07 20:06:47 [error] [exception.CHttpException.400] exception 'CHttpException' with message 'Your request is invalid.' in /home/ann/yii/framework/web/CController.php:336
Stack trace:
#0 /home/ann/yii/framework/web/CController.php(309): CController->invalidActionParams(Object(CInlineAction))
#1 /home/ann/yii/framework/web/filters/CFilterChain.php(133): CController->runAction(Object(CInlineAction))
#2 /home/ann/yii/framework/web/filters/CFilter.php(40): CFilterChain->run()
#3 /home/ann/yii/framework/web/CController.php(1145): CFilter->filter(Object(CFilterChain))
#4 /home/ann/yii/framework/web/filters/CInlineFilter.php(58): CController->filterAccessControl(Object(CFilterChain))
#5 /home/ann/yii/framework/web/filters/CFilterChain.php(130): CInlineFilter->filter(Object(CFilterChain))
#6 /home/ann/yii/framework/web/CController.php(291): CFilterChain->run()
#7 /home/ann/yii/framework/web/CController.php(265): CController->runActionWithFilters(Object(CInlineAction), Array)
#8 /home/ann/yii/framework/web/CWebApplication.php(282): CController->run('view')
#9 /home/ann/yii/framework/web/CWebApplication.php(141): CWebApplication->runController('product/view')
#10 /home/ann/yii/framework/base/CApplication.php(180): CWebApplication->processRequest()
#11 /var/www/lab2/index.php(13): CApplication->run()
#12 {main}
REQUEST_URI=/lab2/index.php?r=product/view
HTTP_REFERER=http://localhost/lab2/index.php?r=product
---
2014/03/07 20:11:06 [error] [exception.CHttpException.400] exception 'CHttpException' with message 'Your request is invalid.' in /home/ann/yii/framework/web/CController.php:336
Stack trace:
#0 /home/ann/yii/framework/web/CController.php(309): CController->invalidActionParams(Object(CInlineAction))
#1 /home/ann/yii/framework/web/filters/CFilterChain.php(133): CController->runAction(Object(CInlineAction))
#2 /home/ann/yii/framework/web/filters/CFilter.php(40): CFilterChain->run()
#3 /home/ann/yii/framework/web/CController.php(1145): CFilter->filter(Object(CFilterChain))
#4 /home/ann/yii/framework/web/filters/CInlineFilter.php(58): CController->filterAccessControl(Object(CFilterChain))
#5 /home/ann/yii/framework/web/filters/CFilterChain.php(130): CInlineFilter->filter(Object(CFilterChain))
#6 /home/ann/yii/framework/web/CController.php(291): CFilterChain->run()
#7 /home/ann/yii/framework/web/CController.php(265): CController->runActionWithFilters(Object(CInlineAction), Array)
#8 /home/ann/yii/framework/web/CWebApplication.php(282): CController->run('view')
#9 /home/ann/yii/framework/web/CWebApplication.php(141): CWebApplication->runController('product/view')
#10 /home/ann/yii/framework/base/CApplication.php(180): CWebApplication->processRequest()
#11 /var/www/lab2/index.php(13): CApplication->run()
#12 {main}
REQUEST_URI=/lab2/index.php?r=product/view
---
2014/03/07 20:13:13 [error] [exception.CHttpException.404] exception 'CHttpException' with message 'Unable to resolve the request "user/admin".' in /home/ann/yii/framework/web/CWebApplication.php:286
Stack trace:
#0 /home/ann/yii/framework/web/CWebApplication.php(141): CWebApplication->runController('user/admin')
#1 /home/ann/yii/framework/base/CApplication.php(180): CWebApplication->processRequest()
#2 /var/www/lab2/index.php(13): CApplication->run()
#3 {main}
REQUEST_URI=/lab2/index.php?r=user/admin
---
2014/03/07 20:13:19 [error] [exception.CHttpException.404] exception 'CHttpException' with message 'Unable to resolve the request "фвьшт/admin".' in /home/ann/yii/framework/web/CWebApplication.php:286
Stack trace:
#0 /home/ann/yii/framework/web/CWebApplication.php(141): CWebApplication->runController('??????????/admi...')
#1 /home/ann/yii/framework/base/CApplication.php(180): CWebApplication->processRequest()
#2 /var/www/lab2/index.php(13): CApplication->run()
#3 {main}
REQUEST_URI=/lab2/index.php?r=%D1%84%D0%B2%D1%8C%D1%88%D1%82/admin
---
2014/03/07 20:13:24 [error] [exception.CHttpException.404] exception 'CHttpException' with message 'Unable to resolve the request "admin/admin".' in /home/ann/yii/framework/web/CWebApplication.php:286
Stack trace:
#0 /home/ann/yii/framework/web/CWebApplication.php(141): CWebApplication->runController('admin/admin')
#1 /home/ann/yii/framework/base/CApplication.php(180): CWebApplication->processRequest()
#2 /var/www/lab2/index.php(13): CApplication->run()
#3 {main}
REQUEST_URI=/lab2/index.php?r=admin/admin
---
2014/03/08 00:53:40 [error] [exception.CHttpException.400] exception 'CHttpException' with message 'Your request is invalid.' in /home/ann/yii/framework/web/CController.php:336
Stack trace:
#0 /home/ann/yii/framework/web/CController.php(309): CController->invalidActionParams(Object(CInlineAction))
#1 /home/ann/yii/framework/web/filters/CFilterChain.php(133): CController->runAction(Object(CInlineAction))
#2 /home/ann/yii/framework/web/filters/CFilter.php(40): CFilterChain->run()
#3 /home/ann/yii/framework/web/CController.php(1145): CFilter->filter(Object(CFilterChain))
#4 /home/ann/yii/framework/web/filters/CInlineFilter.php(58): CController->filterAccessControl(Object(CFilterChain))
#5 /home/ann/yii/framework/web/filters/CFilterChain.php(130): CInlineFilter->filter(Object(CFilterChain))
#6 /home/ann/yii/framework/web/CController.php(291): CFilterChain->run()
#7 /home/ann/yii/framework/web/CController.php(265): CController->runActionWithFilters(Object(CInlineAction), Array)
#8 /home/ann/yii/framework/web/CWebApplication.php(282): CController->run('view')
#9 /home/ann/yii/framework/web/CWebApplication.php(141): CWebApplication->runController('product/view')
#10 /home/ann/yii/framework/base/CApplication.php(180): CWebApplication->processRequest()
#11 /var/www/lab2/index.php(13): CApplication->run()
#12 {main}
REQUEST_URI=/lab2/index.php?r=product/view&ID=2
HTTP_REFERER=http://localhost/lab2/index.php?r=product
---
2014/03/08 00:53:49 [error] [exception.CHttpException.400] exception 'CHttpException' with message 'Your request is invalid.' in /home/ann/yii/framework/web/CController.php:336
Stack trace:
#0 /home/ann/yii/framework/web/CController.php(309): CController->invalidActionParams(Object(CInlineAction))
#1 /home/ann/yii/framework/web/filters/CFilterChain.php(133): CController->runAction(Object(CInlineAction))
#2 /home/ann/yii/framework/web/filters/CFilter.php(40): CFilterChain->run()
#3 /home/ann/yii/framework/web/CController.php(1145): CFilter->filter(Object(CFilterChain))
#4 /home/ann/yii/framework/web/filters/CInlineFilter.php(58): CController->filterAccessControl(Object(CFilterChain))
#5 /home/ann/yii/framework/web/filters/CFilterChain.php(130): CInlineFilter->filter(Object(CFilterChain))
#6 /home/ann/yii/framework/web/CController.php(291): CFilterChain->run()
#7 /home/ann/yii/framework/web/CController.php(265): CController->runActionWithFilters(Object(CInlineAction), Array)
#8 /home/ann/yii/framework/web/CWebApplication.php(282): CController->run('view')
#9 /home/ann/yii/framework/web/CWebApplication.php(141): CWebApplication->runController('product/view')
#10 /home/ann/yii/framework/base/CApplication.php(180): CWebApplication->processRequest()
#11 /var/www/lab2/index.php(13): CApplication->run()
#12 {main}
REQUEST_URI=/lab2/index.php?r=product/view&ID=1
HTTP_REFERER=http://localhost/lab2/index.php?r=product
---
2014/03/08 00:53:56 [error] [exception.CHttpException.400] exception 'CHttpException' with message 'Your request is invalid.' in /home/ann/yii/framework/web/CController.php:336
Stack trace:
#0 /home/ann/yii/framework/web/CController.php(309): CController->invalidActionParams(Object(CInlineAction))
#1 /home/ann/yii/framework/web/filters/CFilterChain.php(133): CController->runAction(Object(CInlineAction))
#2 /home/ann/yii/framework/web/filters/CFilter.php(40): CFilterChain->run()
#3 /home/ann/yii/framework/web/CController.php(1145): CFilter->filter(Object(CFilterChain))
#4 /home/ann/yii/framework/web/filters/CInlineFilter.php(58): CController->filterAccessControl(Object(CFilterChain))
#5 /home/ann/yii/framework/web/filters/CFilterChain.php(130): CInlineFilter->filter(Object(CFilterChain))
#6 /home/ann/yii/framework/web/CController.php(291): CFilterChain->run()
#7 /home/ann/yii/framework/web/CController.php(265): CController->runActionWithFilters(Object(CInlineAction), Array)
#8 /home/ann/yii/framework/web/CWebApplication.php(282): CController->run('view')
#9 /home/ann/yii/framework/web/CWebApplication.php(141): CWebApplication->runController('product/view')
#10 /home/ann/yii/framework/base/CApplication.php(180): CWebApplication->processRequest()
#11 /var/www/lab2/index.php(13): CApplication->run()
#12 {main}
REQUEST_URI=/lab2/index.php?r=product/view&ID=2
HTTP_REFERER=http://localhost/lab2/index.php?r=product
---
2014/03/08 00:54:47 [error] [exception.CHttpException.400] exception 'CHttpException' with message 'Your request is invalid.' in /home/ann/yii/framework/web/CController.php:336
Stack trace:
#0 /home/ann/yii/framework/web/CController.php(309): CController->invalidActionParams(Object(CInlineAction))
#1 /home/ann/yii/framework/web/filters/CFilterChain.php(133): CController->runAction(Object(CInlineAction))
#2 /home/ann/yii/framework/web/filters/CFilter.php(40): CFilterChain->run()
#3 /home/ann/yii/framework/web/CController.php(1145): CFilter->filter(Object(CFilterChain))
#4 /home/ann/yii/framework/web/filters/CInlineFilter.php(58): CController->filterAccessControl(Object(CFilterChain))
#5 /home/ann/yii/framework/web/filters/CFilterChain.php(130): CInlineFilter->filter(Object(CFilterChain))
#6 /home/ann/yii/framework/web/CController.php(291): CFilterChain->run()
#7 /home/ann/yii/framework/web/CController.php(265): CController->runActionWithFilters(Object(CInlineAction), Array)
#8 /home/ann/yii/framework/web/CWebApplication.php(282): CController->run('view')
#9 /home/ann/yii/framework/web/CWebApplication.php(141): CWebApplication->runController('product/view')
#10 /home/ann/yii/framework/base/CApplication.php(180): CWebApplication->processRequest()
#11 /var/www/lab2/index.php(13): CApplication->run()
#12 {main}
REQUEST_URI=/lab2/index.php?r=product/view&ID=2
HTTP_REFERER=http://localhost/lab2/index.php?r=product
---
2014/03/08 01:15:22 [error] [php] Illegal offset type in isset or empty (/home/ann/yii/framework/web/auth/CWebUser.php:812)
Stack trace:
#0 /home/ann/yii/framework/web/CBaseController.php(95): ProductController->renderInternal()
#1 /home/ann/yii/framework/web/widgets/CContentDecorator.php(76): ProductController->renderFile()
#2 /home/ann/yii/framework/web/widgets/CContentDecorator.php(54): CContentDecorator->decorate()
#3 /home/ann/yii/framework/web/widgets/COutputProcessor.php(44): CContentDecorator->processOutput()
#4 /home/ann/yii/framework/web/CBaseController.php(206): CContentDecorator->run()
#5 /home/ann/yii/framework/web/CBaseController.php(300): ProductController->endWidget()
#6 /var/www/lab2/protected/views/layouts/column2.php(22): ProductController->endContent()
#7 /home/ann/yii/framework/web/CBaseController.php(126): require()
#8 /home/ann/yii/framework/web/CBaseController.php(95): ProductController->renderInternal()
#9 /home/ann/yii/framework/web/CController.php(784): ProductController->renderFile()
#10 /var/www/lab2/protected/controllers/ProductController.php(128): ProductController->render()
#11 /home/ann/yii/framework/web/actions/CInlineAction.php(49): ProductController->actionIndex()
#12 /home/ann/yii/framework/web/CController.php(308): CInlineAction->runWithParams()
#13 /home/ann/yii/framework/web/filters/CFilterChain.php(133): ProductController->runAction()
#14 /home/ann/yii/framework/web/filters/CFilter.php(40): CFilterChain->run()
#15 /home/ann/yii/framework/web/CController.php(1145): CAccessControlFilter->filter()
#16 /home/ann/yii/framework/web/filters/CInlineFilter.php(58): ProductController->filterAccessControl()
#17 /home/ann/yii/framework/web/filters/CFilterChain.php(130): CInlineFilter->filter()
#18 /home/ann/yii/framework/web/CController.php(291): CFilterChain->run()
#19 /home/ann/yii/framework/web/CController.php(265): ProductController->runActionWithFilters()
#20 /home/ann/yii/framework/web/CWebApplication.php(282): ProductController->run()
#21 /home/ann/yii/framework/web/CWebApplication.php(141): CWebApplication->runController()
#22 /home/ann/yii/framework/base/CApplication.php(180): CWebApplication->processRequest()
#23 /var/www/lab2/index.php(13): CWebApplication->run()
REQUEST_URI=/lab2/index.php?r=product
in /var/www/lab2/protected/views/layouts/main.php (34)
in /var/www/lab2/protected/views/layouts/column2.php (22)
in /var/www/lab2/protected/controllers/ProductController.php (128)
2014/03/08 01:25:05 [error] [system.db.CDbCommand] CDbCommand::fetchAll() failed: SQLSTATE[42S02]: Base table or view not found: 1146 Table 'PRODUCTS.Opinion' doesn't exist. The SQL statement executed was: SHOW FULL COLUMNS FROM `Opinion`.
in /var/www/lab2/index.php (13)
2014/03/08 01:26:29 [error] [system.db.CDbCommand] CDbCommand::execute() failed: SQLSTATE[23000]: Integrity constraint violation: 1452 Cannot add or update a child row: a foreign key constraint fails (`PRODUCTS`.`opinion`, CONSTRAINT `opinion_ibfk_1` FOREIGN KEY (`pid`) REFERENCES `product` (`id`)). The SQL statement executed was: INSERT INTO `opinion` (`pid`, `login`, `time`, `text`) VALUES (:yp0, :yp1, :yp2, :yp3).
in /var/www/lab2/protected/controllers/OpinionController.php (73)
in /var/www/lab2/index.php (13)
2014/03/08 01:26:29 [error] [exception.CDbException] exception 'CDbException' with message 'CDbCommand failed to execute the SQL statement: SQLSTATE[23000]: Integrity constraint violation: 1452 Cannot add or update a child row: a foreign key constraint fails (`PRODUCTS`.`opinion`, CONSTRAINT `opinion_ibfk_1` FOREIGN KEY (`pid`) REFERENCES `product` (`id`)). The SQL statement executed was: INSERT INTO `opinion` (`pid`, `login`, `time`, `text`) VALUES (:yp0, :yp1, :yp2, :yp3)' in /home/ann/yii/framework/db/CDbCommand.php:358
Stack trace:
#0 /home/ann/yii/framework/db/ar/CActiveRecord.php(1077): CDbCommand->execute()
#1 /home/ann/yii/framework/db/ar/CActiveRecord.php(806): CActiveRecord->insert(NULL)
#2 /var/www/lab2/protected/controllers/OpinionController.php(73): CActiveRecord->save()
#3 /home/ann/yii/framework/web/actions/CInlineAction.php(49): OpinionController->actionCreate()
#4 /home/ann/yii/framework/web/CController.php(308): CInlineAction->runWithParams(Array)
#5 /home/ann/yii/framework/web/filters/CFilterChain.php(133): CController->runAction(Object(CInlineAction))
#6 /home/ann/yii/framework/web/filters/CFilter.php(40): CFilterChain->run()
#7 /home/ann/yii/framework/web/CController.php(1145): CFilter->filter(Object(CFilterChain))
#8 /home/ann/yii/framework/web/filters/CInlineFilter.php(58): CController->filterAccessControl(Object(CFilterChain))
#9 /home/ann/yii/framework/web/filters/CFilterChain.php(130): CInlineFilter->filter(Object(CFilterChain))
#10 /home/ann/yii/framework/web/CController.php(291): CFilterChain->run()
#11 /home/ann/yii/framework/web/CController.php(265): CController->runActionWithFilters(Object(CInlineAction), Array)
#12 /home/ann/yii/framework/web/CWebApplication.php(282): CController->run('create')
#13 /home/ann/yii/framework/web/CWebApplication.php(141): CWebApplication->runController('opinion/create')
#14 /home/ann/yii/framework/base/CApplication.php(180): CWebApplication->processRequest()
#15 /var/www/lab2/index.php(13): CApplication->run()
#16 {main}
REQUEST_URI=/lab2/index.php?r=opinion/create
HTTP_REFERER=http://localhost/lab2/index.php?r=opinion/create
---
2014/03/08 02:12:53 [warning] [application] Failed to set unsafe attribute "time" of "Opinion".
in /var/www/lab2/protected/controllers/OpinionController.php (73)
in /var/www/lab2/index.php (13)
2014/03/08 02:13:51 [error] [exception.CException] exception 'CException' with message 'OpinionController cannot find the requested view "_create_form".' in /home/ann/yii/framework/web/CController.php:878
Stack trace:
#0 /var/www/lab2/protected/views/opinion/create.php(18): CController->renderPartial('_create_form', Array)
#1 /home/ann/yii/framework/web/CBaseController.php(126): require('/var/www/lab2/p...')
#2 /home/ann/yii/framework/web/CBaseController.php(95): CBaseController->renderInternal('/var/www/lab2/p...', Array, true)
#3 /home/ann/yii/framework/web/CController.php(869): CBaseController->renderFile('/var/www/lab2/p...', Array, true)
#4 /home/ann/yii/framework/web/CController.php(782): CController->renderPartial('create', Array, true)
#5 /var/www/lab2/protected/controllers/OpinionController.php(80): CController->render('create', Array)
#6 /home/ann/yii/framework/web/actions/CInlineAction.php(49): OpinionController->actionCreate()
#7 /home/ann/yii/framework/web/CController.php(308): CInlineAction->runWithParams(Array)
#8 /home/ann/yii/framework/web/filters/CFilterChain.php(133): CController->runAction(Object(CInlineAction))
#9 /home/ann/yii/framework/web/filters/CFilter.php(40): CFilterChain->run()
#10 /home/ann/yii/framework/web/CController.php(1145): CFilter->filter(Object(CFilterChain))
#11 /home/ann/yii/framework/web/filters/CInlineFilter.php(58): CController->filterAccessControl(Object(CFilterChain))
#12 /home/ann/yii/framework/web/filters/CFilterChain.php(130): CInlineFilter->filter(Object(CFilterChain))
#13 /home/ann/yii/framework/web/CController.php(291): CFilterChain->run()
#14 /home/ann/yii/framework/web/CController.php(265): CController->runActionWithFilters(Object(CInlineAction), Array)
#15 /home/ann/yii/framework/web/CWebApplication.php(282): CController->run('create')
#16 /home/ann/yii/framework/web/CWebApplication.php(141): CWebApplication->runController('opinion/create')
#17 /home/ann/yii/framework/base/CApplication.php(180): CWebApplication->processRequest()
#18 /var/www/lab2/index.php(13): CApplication->run()
#19 {main}
REQUEST_URI=/lab2/index.php?r=opinion/create
HTTP_REFERER=http://localhost/lab2/index.php?r=opinion/index
---
2014/03/08 02:15:14 [error] [php] date() expects at least 1 parameter, 0 given (/var/www/lab2/protected/controllers/OpinionController.php:72)
Stack trace:
#0 /home/ann/yii/framework/web/CController.php(308): CInlineAction->runWithParams()
#1 /home/ann/yii/framework/web/filters/CFilterChain.php(133): OpinionController->runAction()
#2 /home/ann/yii/framework/web/filters/CFilter.php(40): CFilterChain->run()
#3 /home/ann/yii/framework/web/CController.php(1145): CAccessControlFilter->filter()
#4 /home/ann/yii/framework/web/filters/CInlineFilter.php(58): OpinionController->filterAccessControl()
#5 /home/ann/yii/framework/web/filters/CFilterChain.php(130): CInlineFilter->filter()
#6 /home/ann/yii/framework/web/CController.php(291): CFilterChain->run()
#7 /home/ann/yii/framework/web/CController.php(265): OpinionController->runActionWithFilters()
#8 /home/ann/yii/framework/web/CWebApplication.php(282): OpinionController->run()
#9 /home/ann/yii/framework/web/CWebApplication.php(141): CWebApplication->runController()
#10 /home/ann/yii/framework/base/CApplication.php(180): CWebApplication->processRequest()
#11 /var/www/lab2/index.php(13): CWebApplication->run()
REQUEST_URI=/lab2/index.php?r=opinion/create
in /var/www/lab2/protected/controllers/OpinionController.php (72)
in /var/www/lab2/index.php (13)
2014/03/08 02:15:59 [warning] [application] Failed to set unsafe attribute "time" of "Opinion".
in /var/www/lab2/protected/controllers/OpinionController.php (73)
in /var/www/lab2/index.php (13)
2014/03/08 02:26:21 [error] [exception.CHttpException.403] exception 'CHttpException' with message 'You are not authorized to perform this action.' in /home/ann/yii/framework/web/auth/CAccessControlFilter.php:182
Stack trace:
#0 /home/ann/yii/framework/web/auth/CAccessControlFilter.php(145): CAccessControlFilter->accessDenied(Object(CWebUser), 'You are not aut...')
#1 /home/ann/yii/framework/web/filters/CFilter.php(38): CAccessControlFilter->preFilter(Object(CFilterChain))
#2 /home/ann/yii/framework/web/CController.php(1145): CFilter->filter(Object(CFilterChain))
#3 /home/ann/yii/framework/web/filters/CInlineFilter.php(58): CController->filterAccessControl(Object(CFilterChain))
#4 /home/ann/yii/framework/web/filters/CFilterChain.php(130): CInlineFilter->filter(Object(CFilterChain))
#5 /home/ann/yii/framework/web/CController.php(291): CFilterChain->run()
#6 /home/ann/yii/framework/web/CController.php(265): CController->runActionWithFilters(Object(CInlineAction), Array)
#7 /home/ann/yii/framework/web/CWebApplication.php(282): CController->run('create')
#8 /home/ann/yii/framework/web/CWebApplication.php(141): CWebApplication->runController('category/create')
#9 /home/ann/yii/framework/base/CApplication.php(180): CWebApplication->processRequest()
#10 /var/www/lab2/index.php(13): CApplication->run()
#11 {main}
REQUEST_URI=/lab2/index.php?r=category/create
HTTP_REFERER=http://localhost/lab2/index.php?r=category
---
2014/03/08 02:39:22 [error] [exception.CHttpException.403] exception 'CHttpException' with message 'You are not authorized to perform this action.' in /home/ann/yii/framework/web/auth/CAccessControlFilter.php:182
Stack trace:
#0 /home/ann/yii/framework/web/auth/CAccessControlFilter.php(145): CAccessControlFilter->accessDenied(Object(CWebUser), 'You are not aut...')
#1 /home/ann/yii/framework/web/filters/CFilter.php(38): CAccessControlFilter->preFilter(Object(CFilterChain))
#2 /home/ann/yii/framework/web/CController.php(1145): CFilter->filter(Object(CFilterChain))
#3 /home/ann/yii/framework/web/filters/CInlineFilter.php(58): CController->filterAccessControl(Object(CFilterChain))
#4 /home/ann/yii/framework/web/filters/CFilterChain.php(130): CInlineFilter->filter(Object(CFilterChain))
#5 /home/ann/yii/framework/web/CController.php(291): CFilterChain->run()
#6 /home/ann/yii/framework/web/CController.php(265): CController->runActionWithFilters(Object(CInlineAction), Array)
#7 /home/ann/yii/framework/web/CWebApplication.php(282): CController->run('')
#8 /home/ann/yii/framework/web/CWebApplication.php(141): CWebApplication->runController('category')
#9 /home/ann/yii/framework/base/CApplication.php(180): CWebApplication->processRequest()
#10 /var/www/lab2/index.php(13): CApplication->run()
#11 {main}
REQUEST_URI=/lab2/index.php?r=category
HTTP_REFERER=http://localhost/lab2/index.php?r=site/login
---
2014/03/08 02:39:25 [error] [exception.CHttpException.403] exception 'CHttpException' with message 'You are not authorized to perform this action.' in /home/ann/yii/framework/web/auth/CAccessControlFilter.php:182
Stack trace:
#0 /home/ann/yii/framework/web/auth/CAccessControlFilter.php(145): CAccessControlFilter->accessDenied(Object(CWebUser), 'You are not aut...')
#1 /home/ann/yii/framework/web/filters/CFilter.php(38): CAccessControlFilter->preFilter(Object(CFilterChain))
#2 /home/ann/yii/framework/web/CController.php(1145): CFilter->filter(Object(CFilterChain))
#3 /home/ann/yii/framework/web/filters/CInlineFilter.php(58): CController->filterAccessControl(Object(CFilterChain))
#4 /home/ann/yii/framework/web/filters/CFilterChain.php(130): CInlineFilter->filter(Object(CFilterChain))
#5 /home/ann/yii/framework/web/CController.php(291): CFilterChain->run()
#6 /home/ann/yii/framework/web/CController.php(265): CController->runActionWithFilters(Object(CInlineAction), Array)
#7 /home/ann/yii/framework/web/CWebApplication.php(282): CController->run('')
#8 /home/ann/yii/framework/web/CWebApplication.php(141): CWebApplication->runController('productCategory')
#9 /home/ann/yii/framework/base/CApplication.php(180): CWebApplication->processRequest()
#10 /var/www/lab2/index.php(13): CApplication->run()
#11 {main}
REQUEST_URI=/lab2/index.php?r=productCategory
HTTP_REFERER=http://localhost/lab2/index.php?r=category
---
2014/03/08 02:39:27 [error] [exception.CHttpException.403] exception 'CHttpException' with message 'You are not authorized to perform this action.' in /home/ann/yii/framework/web/auth/CAccessControlFilter.php:182
Stack trace:
#0 /home/ann/yii/framework/web/auth/CAccessControlFilter.php(145): CAccessControlFilter->accessDenied(Object(CWebUser), 'You are not aut...')
#1 /home/ann/yii/framework/web/filters/CFilter.php(38): CAccessControlFilter->preFilter(Object(CFilterChain))
#2 /home/ann/yii/framework/web/CController.php(1145): CFilter->filter(Object(CFilterChain))
#3 /home/ann/yii/framework/web/filters/CInlineFilter.php(58): CController->filterAccessControl(Object(CFilterChain))
#4 /home/ann/yii/framework/web/filters/CFilterChain.php(130): CInlineFilter->filter(Object(CFilterChain))
#5 /home/ann/yii/framework/web/CController.php(291): CFilterChain->run()
#6 /home/ann/yii/framework/web/CController.php(265): CController->runActionWithFilters(Object(CInlineAction), Array)
#7 /home/ann/yii/framework/web/CWebApplication.php(282): CController->run('')
#8 /home/ann/yii/framework/web/CWebApplication.php(141): CWebApplication->runController('category')
#9 /home/ann/yii/framework/base/CApplication.php(180): CWebApplication->processRequest()
#10 /var/www/lab2/index.php(13): CApplication->run()
#11 {main}
REQUEST_URI=/lab2/index.php?r=category
HTTP_REFERER=http://localhost/lab2/index.php?r=productCategory
---
2014/03/08 02:39:28 [error] [exception.CHttpException.403] exception 'CHttpException' with message 'You are not authorized to perform this action.' in /home/ann/yii/framework/web/auth/CAccessControlFilter.php:182
Stack trace:
#0 /home/ann/yii/framework/web/auth/CAccessControlFilter.php(145): CAccessControlFilter->accessDenied(Object(CWebUser), 'You are not aut...')
#1 /home/ann/yii/framework/web/filters/CFilter.php(38): CAccessControlFilter->preFilter(Object(CFilterChain))
#2 /home/ann/yii/framework/web/CController.php(1145): CFilter->filter(Object(CFilterChain))
#3 /home/ann/yii/framework/web/filters/CInlineFilter.php(58): CController->filterAccessControl(Object(CFilterChain))
#4 /home/ann/yii/framework/web/filters/CFilterChain.php(130): CInlineFilter->filter(Object(CFilterChain))
#5 /home/ann/yii/framework/web/CController.php(291): CFilterChain->run()
#6 /home/ann/yii/framework/web/CController.php(265): CController->runActionWithFilters(Object(CInlineAction), Array)
#7 /home/ann/yii/framework/web/CWebApplication.php(282): CController->run('')
#8 /home/ann/yii/framework/web/CWebApplication.php(141): CWebApplication->runController('productCategory')
#9 /home/ann/yii/framework/base/CApplication.php(180): CWebApplication->processRequest()
#10 /var/www/lab2/index.php(13): CApplication->run()
#11 {main}
REQUEST_URI=/lab2/index.php?r=productCategory
HTTP_REFERER=http://localhost/lab2/index.php?r=category
---
2014/03/08 02:39:29 [error] [exception.CHttpException.403] exception 'CHttpException' with message 'You are not authorized to perform this action.' in /home/ann/yii/framework/web/auth/CAccessControlFilter.php:182
Stack trace:
#0 /home/ann/yii/framework/web/auth/CAccessControlFilter.php(145): CAccessControlFilter->accessDenied(Object(CWebUser), 'You are not aut...')
#1 /home/ann/yii/framework/web/filters/CFilter.php(38): CAccessControlFilter->preFilter(Object(CFilterChain))
#2 /home/ann/yii/framework/web/CController.php(1145): CFilter->filter(Object(CFilterChain))
#3 /home/ann/yii/framework/web/filters/CInlineFilter.php(58): CController->filterAccessControl(Object(CFilterChain))
#4 /home/ann/yii/framework/web/filters/CFilterChain.php(130): CInlineFilter->filter(Object(CFilterChain))
#5 /home/ann/yii/framework/web/CController.php(291): CFilterChain->run()
#6 /home/ann/yii/framework/web/CController.php(265): CController->runActionWithFilters(Object(CInlineAction), Array)
#7 /home/ann/yii/framework/web/CWebApplication.php(282): CController->run('')
#8 /home/ann/yii/framework/web/CWebApplication.php(141): CWebApplication->runController('category')
#9 /home/ann/yii/framework/base/CApplication.php(180): CWebApplication->processRequest()
#10 /var/www/lab2/index.php(13): CApplication->run()
#11 {main}
REQUEST_URI=/lab2/index.php?r=category
HTTP_REFERER=http://localhost/lab2/index.php?r=productCategory
---
2014/03/08 02:39:30 [error] [exception.CHttpException.403] exception 'CHttpException' with message 'You are not authorized to perform this action.' in /home/ann/yii/framework/web/auth/CAccessControlFilter.php:182
Stack trace:
#0 /home/ann/yii/framework/web/auth/CAccessControlFilter.php(145): CAccessControlFilter->accessDenied(Object(CWebUser), 'You are not aut...')
#1 /home/ann/yii/framework/web/filters/CFilter.php(38): CAccessControlFilter->preFilter(Object(CFilterChain))
#2 /home/ann/yii/framework/web/CController.php(1145): CFilter->filter(Object(CFilterChain))
#3 /home/ann/yii/framework/web/filters/CInlineFilter.php(58): CController->filterAccessControl(Object(CFilterChain))
#4 /home/ann/yii/framework/web/filters/CFilterChain.php(130): CInlineFilter->filter(Object(CFilterChain))
#5 /home/ann/yii/framework/web/CController.php(291): CFilterChain->run()
#6 /home/ann/yii/framework/web/CController.php(265): CController->runActionWithFilters(Object(CInlineAction), Array)
#7 /home/ann/yii/framework/web/CWebApplication.php(282): CController->run('')
#8 /home/ann/yii/framework/web/CWebApplication.php(141): CWebApplication->runController('productCategory')
#9 /home/ann/yii/framework/base/CApplication.php(180): CWebApplication->processRequest()
#10 /var/www/lab2/index.php(13): CApplication->run()
#11 {main}
REQUEST_URI=/lab2/index.php?r=productCategory
HTTP_REFERER=http://localhost/lab2/index.php?r=category
---
2014/03/08 02:39:32 [error] [exception.CHttpException.403] exception 'CHttpException' with message 'You are not authorized to perform this action.' in /home/ann/yii/framework/web/auth/CAccessControlFilter.php:182
Stack trace:
#0 /home/ann/yii/framework/web/auth/CAccessControlFilter.php(145): CAccessControlFilter->accessDenied(Object(CWebUser), 'You are not aut...')
#1 /home/ann/yii/framework/web/filters/CFilter.php(38): CAccessControlFilter->preFilter(Object(CFilterChain))
#2 /home/ann/yii/framework/web/CController.php(1145): CFilter->filter(Object(CFilterChain))
#3 /home/ann/yii/framework/web/filters/CInlineFilter.php(58): CController->filterAccessControl(Object(CFilterChain))
#4 /home/ann/yii/framework/web/filters/CFilterChain.php(130): CInlineFilter->filter(Object(CFilterChain))
#5 /home/ann/yii/framework/web/CController.php(291): CFilterChain->run()
#6 /home/ann/yii/framework/web/CController.php(265): CController->runActionWithFilters(Object(CInlineAction), Array)
#7 /home/ann/yii/framework/web/CWebApplication.php(282): CController->run('')
#8 /home/ann/yii/framework/web/CWebApplication.php(141): CWebApplication->runController('category')
#9 /home/ann/yii/framework/base/CApplication.php(180): CWebApplication->processRequest()
#10 /var/www/lab2/index.php(13): CApplication->run()
#11 {main}
REQUEST_URI=/lab2/index.php?r=category
HTTP_REFERER=http://localhost/lab2/index.php?r=product
---
2014/03/08 02:39:33 [error] [exception.CHttpException.403] exception 'CHttpException' with message 'You are not authorized to perform this action.' in /home/ann/yii/framework/web/auth/CAccessControlFilter.php:182
Stack trace:
#0 /home/ann/yii/framework/web/auth/CAccessControlFilter.php(145): CAccessControlFilter->accessDenied(Object(CWebUser), 'You are not aut...')
#1 /home/ann/yii/framework/web/filters/CFilter.php(38): CAccessControlFilter->preFilter(Object(CFilterChain))
#2 /home/ann/yii/framework/web/CController.php(1145): CFilter->filter(Object(CFilterChain))
#3 /home/ann/yii/framework/web/filters/CInlineFilter.php(58): CController->filterAccessControl(Object(CFilterChain))
#4 /home/ann/yii/framework/web/filters/CFilterChain.php(130): CInlineFilter->filter(Object(CFilterChain))
#5 /home/ann/yii/framework/web/CController.php(291): CFilterChain->run()
#6 /home/ann/yii/framework/web/CController.php(265): CController->runActionWithFilters(Object(CInlineAction), Array)
#7 /home/ann/yii/framework/web/CWebApplication.php(282): CController->run('')
#8 /home/ann/yii/framework/web/CWebApplication.php(141): CWebApplication->runController('productCategory')
#9 /home/ann/yii/framework/base/CApplication.php(180): CWebApplication->processRequest()
#10 /var/www/lab2/index.php(13): CApplication->run()
#11 {main}
REQUEST_URI=/lab2/index.php?r=productCategory
HTTP_REFERER=http://localhost/lab2/index.php?r=category
---
2014/03/08 02:55:04 [error] [exception.CHttpException.403] exception 'CHttpException' with message 'You are not authorized to perform this action.' in /home/ann/yii/framework/web/auth/CAccessControlFilter.php:182
Stack trace:
#0 /home/ann/yii/framework/web/auth/CAccessControlFilter.php(145): CAccessControlFilter->accessDenied(Object(CWebUser), 'You are not aut...')
#1 /home/ann/yii/framework/web/filters/CFilter.php(38): CAccessControlFilter->preFilter(Object(CFilterChain))
#2 /home/ann/yii/framework/web/CController.php(1145): CFilter->filter(Object(CFilterChain))
#3 /home/ann/yii/framework/web/filters/CInlineFilter.php(58): CController->filterAccessControl(Object(CFilterChain))
#4 /home/ann/yii/framework/web/filters/CFilterChain.php(130): CInlineFilter->filter(Object(CFilterChain))
#5 /home/ann/yii/framework/web/CController.php(291): CFilterChain->run()
#6 /home/ann/yii/framework/web/CController.php(265): CController->runActionWithFilters(Object(CInlineAction), Array)
#7 /home/ann/yii/framework/web/CWebApplication.php(282): CController->run('')
#8 /home/ann/yii/framework/web/CWebApplication.php(141): CWebApplication->runController('category')
#9 /home/ann/yii/framework/base/CApplication.php(180): CWebApplication->processRequest()
#10 /var/www/lab2/index.php(13): CApplication->run()
#11 {main}
REQUEST_URI=/lab2/index.php?r=category
HTTP_REFERER=http://localhost/lab2/index.php?r=site/login
---
